# JRE version: OpenJDK Runtime Environment Temurin-17.0.16+8 (17.0.16+8) (build 17.0.16+8)
# Java VM: OpenJDK 64-Bit Server VM Temurin-17.0.16+8 (17.0.16+8, mixed mode, sharing, tiered, compressed oops, compressed class ptrs, g1 gc, windows-amd64)
GC Precious Log:
 CPUs: 2 total, 2 available
 Memory: 1908M
 Large Page Support: Disabled
 NUMA Support: Disabled
 Compressed Oops: Enabled (32-bit)
 Heap Region Size: 1M
 Heap Min Capacity: 8M
 Heap Initial Capacity: 30M
 Heap Max Capacity: 478M
 Pre-touch: Disabled
 Parallel Workers: 2
 Concurrent Workers: 1
 Concurrent Refinement Workers: 2
 Periodic GC: Disabled
Heap:
 garbage-first heap   total 128000K, used 73728K [0x00000000e2200000, 0x0000000100000000)
  region size 1024K, 3 young (3072K), 3 survivors (3072K)
 Metaspace       used 28410K, committed 28864K, reserved 1114112K
  class space    used 3153K, committed 3392K, reserved 1048576K
GC Heap History (20 events):
Event: 31.700 GC heap after
{Heap after GC invocations=34 (full 0):
 garbage-first heap   total 98304K, used 42477K [0x00000000e2200000, 0x0000000100000000)
  region size 1024K, 2 young (2048K), 2 survivors (2048K)
 Metaspace       used 23534K, committed 23808K, reserved 1114112K
  class space    used 2613K, committed 2752K, reserved 1048576K
}
Event: 32.575 GC heap before
{Heap before GC invocations=35 (full 0):
 garbage-first heap   total 98304K, used 63981K [0x00000000e2200000, 0x0000000100000000)
  region size 1024K, 24 young (24576K), 2 survivors (2048K)
 Metaspace       used 24530K, committed 24832K, reserved 1114112K
  class space    used 2720K, committed 2880K, reserved 1048576K
}
Event: 32.591 GC heap after
{Heap after GC invocations=36 (full 0):
 garbage-first heap   total 98304K, used 48118K [0x00000000e2200000, 0x0000000100000000)
  region size 1024K, 3 young (3072K), 3 survivors (3072K)
 Metaspace       used 24530K, committed 24832K, reserved 1114112K
  class space    used 2720K, committed 2880K, reserved 1048576K
}
Event: 33.564 GC heap before
{Heap before GC invocations=36 (full 0):
 garbage-first heap   total 98304K, used 66550K [0x00000000e2200000, 0x0000000100000000)
  region size 1024K, 22 young (22528K), 3 survivors (3072K)
 Metaspace       used 25704K, committed 25984K, reserved 1114112K
  class space    used 2859K, committed 3008K, reserved 1048576K
}
Event: 33.580 GC heap after
{Heap after GC invocations=37 (full 0):
 garbage-first heap   total 98304K, used 48862K [0x00000000e2200000, 0x0000000100000000)
  region size 1024K, 1 young (1024K), 1 survivors (1024K)
 Metaspace       used 25704K, committed 25984K, reserved 1114112K
  class space    used 2859K, committed 3008K, reserved 1048576K
}
Event: 34.936 GC heap before
{Heap before GC invocations=38 (full 0):
 garbage-first heap   total 98304K, used 69342K [0x00000000e2200000, 0x0000000100000000)
  region size 1024K, 22 young (22528K), 1 survivors (1024K)
 Metaspace       used 27693K, committed 28032K, reserved 1114112K
  class space    used 3097K, committed 3264K, reserved 1048576K
}
Event: 34.948 GC heap after
{Heap after GC invocations=39 (full 0):
 garbage-first heap   total 98304K, used 51200K [0x00000000e2200000, 0x0000000100000000)
  region size 1024K, 3 young (3072K), 3 survivors (3072K)
 Metaspace       used 27693K, committed 28032K, reserved 1114112K
  class space    used 3097K, committed 3264K, reserved 1048576K
}
Event: 35.345 GC heap before
{Heap before GC invocations=39 (full 0):
 garbage-first heap   total 98304K, used 71680K [0x00000000e2200000, 0x0000000100000000)
  region size 1024K, 24 young (24576K), 3 survivors (3072K)
 Metaspace       used 27718K, committed 28096K, reserved 1114112K
  class space    used 3097K, committed 3264K, reserved 1048576K
}
Event: 35.359 GC heap after
{Heap after GC invocations=40 (full 0):
 garbage-first heap   total 98304K, used 55440K [0x00000000e2200000, 0x0000000100000000)
  region size 1024K, 3 young (3072K), 3 survivors (3072K)
 Metaspace       used 27718K, committed 28096K, reserved 1114112K
  class space    used 3097K, committed 3264K, reserved 1048576K
}
Event: 35.842 GC heap before
{Heap before GC invocations=41 (full 0):
 garbage-first heap   total 106496K, used 71824K [0x00000000e2200000, 0x0000000100000000)
  region size 1024K, 21 young (21504K), 3 survivors (3072K)
 Metaspace       used 27838K, committed 28224K, reserved 1114112K
  class space    used 3099K, committed 3328K, reserved 1048576K
}
Event: 35.854 GC heap after
{Heap after GC invocations=42 (full 0):
 garbage-first heap   total 106496K, used 62935K [0x00000000e2200000, 0x0000000100000000)
  region size 1024K, 3 young (3072K), 3 survivors (3072K)
 Metaspace       used 27838K, committed 28224K, reserved 1114112K
  class space    used 3099K, committed 3328K, reserved 1048576K
}
Event: 35.875 GC heap before
{Heap before GC invocations=42 (full 0):
 garbage-first heap   total 106496K, used 64983K [0x00000000e2200000, 0x0000000100000000)
  region size 1024K, 5 young (5120K), 3 survivors (3072K)
 Metaspace       used 27841K, committed 28224K, reserved 1114112K
  class space    used 3099K, committed 3328K, reserved 1048576K
}
Event: 35.882 GC heap after
{Heap after GC invocations=43 (full 0):
 garbage-first heap   total 106496K, used 61158K [0x00000000e2200000, 0x0000000100000000)
  region size 1024K, 1 young (1024K), 1 survivors (1024K)
 Metaspace       used 27841K, committed 28224K, reserved 1114112K
  class space    used 3099K, committed 3328K, reserved 1048576K
}
Event: 36.183 GC heap before
{Heap before GC invocations=43 (full 0):
 garbage-first heap   total 106496K, used 78566K [0x00000000e2200000, 0x0000000100000000)
  region size 1024K, 18 young (18432K), 1 survivors (1024K)
 Metaspace       used 27854K, committed 28224K, reserved 1114112K
  class space    used 3099K, committed 3328K, reserved 1048576K
}
Event: 36.193 GC heap after
{Heap after GC invocations=44 (full 0):
 garbage-first heap   total 106496K, used 67584K [0x00000000e2200000, 0x0000000100000000)
  region size 1024K, 3 young (3072K), 3 survivors (3072K)
 Metaspace       used 27854K, committed 28224K, reserved 1114112K
  class space    used 3099K, committed 3328K, reserved 1048576K
}
Event: 36.690 GC heap before
{Heap before GC invocations=45 (full 0):
 garbage-first heap   total 128000K, used 81920K [0x00000000e2200000, 0x0000000100000000)
  region size 1024K, 17 young (17408K), 3 survivors (3072K)
 Metaspace       used 27872K, committed 28224K, reserved 1114112K
  class space    used 3100K, committed 3328K, reserved 1048576K
}
Event: 36.708 GC heap after
{Heap after GC invocations=46 (full 0):
 garbage-first heap   total 128000K, used 71644K [0x00000000e2200000, 0x0000000100000000)
  region size 1024K, 3 young (3072K), 3 survivors (3072K)
 Metaspace       used 27872K, committed 28224K, reserved 1114112K
  class space    used 3100K, committed 3328K, reserved 1048576K
}
Event: 36.737 GC heap before
{Heap before GC invocations=46 (full 0):
 garbage-first heap   total 128000K, used 74716K [0x00000000e2200000, 0x0000000100000000)
  region size 1024K, 6 young (6144K), 3 survivors (3072K)
 Metaspace       used 27872K, committed 28224K, reserved 1114112K
  class space    used 3100K, committed 3328K, reserved 1048576K
}
Event: 36.749 GC heap after
{Heap after GC invocations=47 (full 0):
 garbage-first heap   total 128000K, used 69171K [0x00000000e2200000, 0x0000000100000000)
  region size 1024K, 1 young (1024K), 1 survivors (1024K)
 Metaspace       used 27872K, committed 28224K, reserved 1114112K
  class space    used 3100K, committed 3328K, reserved 1048576K
}
Event: 37.336 GC heap before
{Heap before GC invocations=47 (full 0):
 garbage-first heap   total 128000K, used 91699K [0x00000000e2200000, 0x0000000100000000)
  region size 1024K, 23 young (23552K), 1 survivors (1024K)
 Metaspace       used 28410K, committed 28864K, reserved 1114112K
  class space    used 3153K, committed 3392K, reserved 1048576K
}

